This is pdfTeX, Version 3.14159265-2.6-1.40.15 (TeX Live 2014) (preloaded format=pdflatex 2014.5.25)  23 JUL 2016 10:15
entering extended mode
 restricted \write18 enabled.
 %&-line parsing enabled.
**Chapter1.tex
(./Chapter1.tex
LaTeX2e <2014/05/01>
Babel <3.9k> and hyphenation patterns for 78 languages loaded.
(/usr/local/texlive/2014/texmf-dist/tex/latex/base/article.cls
Document Class: article 2007/10/19 v1.4h Standard LaTeX document class
(/usr/local/texlive/2014/texmf-dist/tex/latex/base/size11.clo
File: size11.clo 2007/10/19 v1.4h Standard LaTeX file (size option)
)
\c@part=\count79
\c@section=\count80
\c@subsection=\count81
\c@subsubsection=\count82
\c@paragraph=\count83
\c@subparagraph=\count84
\c@figure=\count85
\c@table=\count86
\abovecaptionskip=\skip41
\belowcaptionskip=\skip42
\bibindent=\dimen102
)
(/usr/local/texlive/2014/texmf-dist/tex/latex/graphics/graphicx.sty
Package: graphicx 2014/04/25 v1.0g Enhanced LaTeX Graphics (DPC,SPQR)

(/usr/local/texlive/2014/texmf-dist/tex/latex/graphics/keyval.sty
Package: keyval 2014/05/08 v1.15 key=value parser (DPC)
\KV@toks@=\toks14
)
(/usr/local/texlive/2014/texmf-dist/tex/latex/graphics/graphics.sty
Package: graphics 2009/02/05 v1.0o Standard LaTeX Graphics (DPC,SPQR)

(/usr/local/texlive/2014/texmf-dist/tex/latex/graphics/trig.sty
Package: trig 1999/03/16 v1.09 sin cos tan (DPC)
)
(/usr/local/texlive/2014/texmf-dist/tex/latex/latexconfig/graphics.cfg
File: graphics.cfg 2010/04/23 v1.9 graphics configuration of TeX Live
)
Package graphics Info: Driver file: pdftex.def on input line 91.

(/usr/local/texlive/2014/texmf-dist/tex/latex/pdftex-def/pdftex.def
File: pdftex.def 2011/05/27 v0.06d Graphics/color for pdfTeX

(/usr/local/texlive/2014/texmf-dist/tex/generic/oberdiek/infwarerr.sty
Package: infwarerr 2010/04/08 v1.3 Providing info/warning/error messages (HO)
)
(/usr/local/texlive/2014/texmf-dist/tex/generic/oberdiek/ltxcmds.sty
Package: ltxcmds 2011/11/09 v1.22 LaTeX kernel commands for general use (HO)
)
\Gread@gobject=\count87
))
\Gin@req@height=\dimen103
\Gin@req@width=\dimen104
)
(/usr/local/texlive/2014/texmf-dist/tex/latex/graphics/color.sty
Package: color 2014/04/23 v1.1a Standard LaTeX Color (DPC)

(/usr/local/texlive/2014/texmf-dist/tex/latex/latexconfig/color.cfg
File: color.cfg 2007/01/18 v1.5 color configuration of teTeX/TeXLive
)
Package color Info: Driver file: pdftex.def on input line 137.
)
(/usr/local/texlive/2014/texmf-dist/tex/latex/framed/framed.sty
Package: framed 2011/10/22 v 0.96: framed or shaded text with page breaks
\OuterFrameSep=\skip43
\fb@frw=\dimen105
\fb@frh=\dimen106
\FrameRule=\dimen107
\FrameSep=\dimen108
)
(/usr/local/texlive/2014/texmf-dist/tex/latex/base/alltt.sty
Package: alltt 1997/06/16 v2.0g defines alltt environment
)
(/usr/local/texlive/2014/texmf-dist/tex/latex/geometry/geometry.sty
Package: geometry 2010/09/12 v5.6 Page Geometry

(/usr/local/texlive/2014/texmf-dist/tex/generic/oberdiek/ifpdf.sty
Package: ifpdf 2011/01/30 v2.3 Provides the ifpdf switch (HO)
Package ifpdf Info: pdfTeX in PDF mode is detected.
)
(/usr/local/texlive/2014/texmf-dist/tex/generic/oberdiek/ifvtex.sty
Package: ifvtex 2010/03/01 v1.5 Detect VTeX and its facilities (HO)
Package ifvtex Info: VTeX not detected.
)
(/usr/local/texlive/2014/texmf-dist/tex/generic/ifxetex/ifxetex.sty
Package: ifxetex 2010/09/12 v0.6 Provides ifxetex conditional
)
\Gm@cnth=\count88
\Gm@cntv=\count89
\c@Gm@tempcnt=\count90
\Gm@bindingoffset=\dimen109
\Gm@wd@mp=\dimen110
\Gm@odd@mp=\dimen111
\Gm@even@mp=\dimen112
\Gm@layoutwidth=\dimen113
\Gm@layoutheight=\dimen114
\Gm@layouthoffset=\dimen115
\Gm@layoutvoffset=\dimen116
\Gm@dimlist=\toks15
)
(/usr/local/texlive/2014/texmf-dist/tex/latex/hyperref/hyperref.sty
Package: hyperref 2012/11/06 v6.83m Hypertext links for LaTeX

(/usr/local/texlive/2014/texmf-dist/tex/generic/oberdiek/hobsub-hyperref.sty
Package: hobsub-hyperref 2012/05/28 v1.13 Bundle oberdiek, subset hyperref (HO)


(/usr/local/texlive/2014/texmf-dist/tex/generic/oberdiek/hobsub-generic.sty
Package: hobsub-generic 2012/05/28 v1.13 Bundle oberdiek, subset generic (HO)
Package: hobsub 2012/05/28 v1.13 Construct package bundles (HO)
Package hobsub Info: Skipping package `infwarerr' (already loaded).
Package hobsub Info: Skipping package `ltxcmds' (already loaded).
Package: ifluatex 2010/03/01 v1.3 Provides the ifluatex switch (HO)
Package ifluatex Info: LuaTeX not detected.
Package hobsub Info: Skipping package `ifvtex' (already loaded).
Package: intcalc 2007/09/27 v1.1 Expandable calculations with integers (HO)
Package hobsub Info: Skipping package `ifpdf' (already loaded).
Package: etexcmds 2011/02/16 v1.5 Avoid name clashes with e-TeX commands (HO)
Package etexcmds Info: Could not find \expanded.
(etexcmds)             That can mean that you are not using pdfTeX 1.50 or
(etexcmds)             that some package has redefined \expanded.
(etexcmds)             In the latter case, load this package earlier.
Package: kvsetkeys 2012/04/25 v1.16 Key value parser (HO)
Package: kvdefinekeys 2011/04/07 v1.3 Define keys (HO)
Package: pdftexcmds 2011/11/29 v0.20 Utility functions of pdfTeX for LuaTeX (HO
)
Package pdftexcmds Info: LuaTeX not detected.
Package pdftexcmds Info: \pdf@primitive is available.
Package pdftexcmds Info: \pdf@ifprimitive is available.
Package pdftexcmds Info: \pdfdraftmode found.
Package: pdfescape 2011/11/25 v1.13 Implements pdfTeX's escape features (HO)
Package: bigintcalc 2012/04/08 v1.3 Expandable calculations on big integers (HO
)
Package: bitset 2011/01/30 v1.1 Handle bit-vector datatype (HO)
Package: uniquecounter 2011/01/30 v1.2 Provide unlimited unique counter (HO)
)
Package hobsub Info: Skipping package `hobsub' (already loaded).
Package: letltxmacro 2010/09/02 v1.4 Let assignment for LaTeX macros (HO)
Package: hopatch 2012/05/28 v1.2 Wrapper for package hooks (HO)
Package: xcolor-patch 2011/01/30 xcolor patch
Package: atveryend 2011/06/30 v1.8 Hooks at the very end of document (HO)
Package atveryend Info: \enddocument detected (standard20110627).
Package: atbegshi 2011/10/05 v1.16 At begin shipout hook (HO)
Package: refcount 2011/10/16 v3.4 Data extraction from label references (HO)
Package: hycolor 2011/01/30 v1.7 Color options for hyperref/bookmark (HO)
)
(/usr/local/texlive/2014/texmf-dist/tex/latex/oberdiek/auxhook.sty
Package: auxhook 2011/03/04 v1.3 Hooks for auxiliary files (HO)
)
(/usr/local/texlive/2014/texmf-dist/tex/latex/oberdiek/kvoptions.sty
Package: kvoptions 2011/06/30 v3.11 Key value format for package options (HO)
)
\@linkdim=\dimen117
\Hy@linkcounter=\count91
\Hy@pagecounter=\count92

(/usr/local/texlive/2014/texmf-dist/tex/latex/hyperref/pd1enc.def
File: pd1enc.def 2012/11/06 v6.83m Hyperref: PDFDocEncoding definition (HO)
)
\Hy@SavedSpaceFactor=\count93

(/usr/local/texlive/2014/texmf-dist/tex/latex/latexconfig/hyperref.cfg
File: hyperref.cfg 2002/06/06 v1.2 hyperref configuration of TeXLive
)
Package hyperref Info: Hyper figures OFF on input line 4443.
Package hyperref Info: Link nesting OFF on input line 4448.
Package hyperref Info: Hyper index ON on input line 4451.
Package hyperref Info: Plain pages OFF on input line 4458.
Package hyperref Info: Backreferencing OFF on input line 4463.
Package hyperref Info: Implicit mode ON; LaTeX internals redefined.
Package hyperref Info: Bookmarks ON on input line 4688.
\c@Hy@tempcnt=\count94

(/usr/local/texlive/2014/texmf-dist/tex/latex/url/url.sty
\Urlmuskip=\muskip10
Package: url 2013/09/16  ver 3.4  Verb mode for urls, etc.
)
LaTeX Info: Redefining \url on input line 5041.
\XeTeXLinkMargin=\dimen118
\Fld@menulength=\count95
\Field@Width=\dimen119
\Fld@charsize=\dimen120
Package hyperref Info: Hyper figures OFF on input line 6295.
Package hyperref Info: Link nesting OFF on input line 6300.
Package hyperref Info: Hyper index ON on input line 6303.
Package hyperref Info: backreferencing OFF on input line 6310.
Package hyperref Info: Link coloring OFF on input line 6315.
Package hyperref Info: Link coloring with OCG OFF on input line 6320.
Package hyperref Info: PDF/A mode OFF on input line 6325.
LaTeX Info: Redefining \ref on input line 6365.
LaTeX Info: Redefining \pageref on input line 6369.
\Hy@abspage=\count96
\c@Item=\count97
\c@Hfootnote=\count98
)

Package hyperref Message: Driver (autodetected): hpdftex.

(/usr/local/texlive/2014/texmf-dist/tex/latex/hyperref/hpdftex.def
File: hpdftex.def 2012/11/06 v6.83m Hyperref driver for pdfTeX
\Fld@listcount=\count99
\c@bookmark@seq@number=\count100

(/usr/local/texlive/2014/texmf-dist/tex/latex/oberdiek/rerunfilecheck.sty
Package: rerunfilecheck 2011/04/15 v1.7 Rerun checks for auxiliary files (HO)
Package uniquecounter Info: New unique counter `rerunfilecheck' on input line 2
82.
)
\Hy@SectionHShift=\skip44
)
(/usr/local/texlive/2014/texmf-dist/tex/latex/fancyhdr/fancyhdr.sty
\fancy@headwidth=\skip45
\f@ncyO@elh=\skip46
\f@ncyO@erh=\skip47
\f@ncyO@olh=\skip48
\f@ncyO@orh=\skip49
\f@ncyO@elf=\skip50
\f@ncyO@erf=\skip51
\f@ncyO@olf=\skip52
\f@ncyO@orf=\skip53
)
(/usr/local/texlive/2014/texmf-dist/tex/latex/upquote/upquote.sty
Package: upquote 2012/04/19 v1.3 upright-quote and grave-accent glyphs in verba
tim
)
(./Chapter1.aux)
\openout1 = `Chapter1.aux'.

LaTeX Font Info:    Checking defaults for OML/cmm/m/it on input line 63.
LaTeX Font Info:    ... okay on input line 63.
LaTeX Font Info:    Checking defaults for T1/cmr/m/n on input line 63.
LaTeX Font Info:    ... okay on input line 63.
LaTeX Font Info:    Checking defaults for OT1/cmr/m/n on input line 63.
LaTeX Font Info:    ... okay on input line 63.
LaTeX Font Info:    Checking defaults for OMS/cmsy/m/n on input line 63.
LaTeX Font Info:    ... okay on input line 63.
LaTeX Font Info:    Checking defaults for OMX/cmex/m/n on input line 63.
LaTeX Font Info:    ... okay on input line 63.
LaTeX Font Info:    Checking defaults for U/cmr/m/n on input line 63.
LaTeX Font Info:    ... okay on input line 63.
LaTeX Font Info:    Checking defaults for PD1/pdf/m/n on input line 63.
LaTeX Font Info:    ... okay on input line 63.

(/usr/local/texlive/2014/texmf-dist/tex/context/base/supp-pdf.mkii
[Loading MPS to PDF converter (version 2006.09.02).]
\scratchcounter=\count101
\scratchdimen=\dimen121
\scratchbox=\box26
\nofMPsegments=\count102
\nofMParguments=\count103
\everyMPshowfont=\toks16
\MPscratchCnt=\count104
\MPscratchDim=\dimen122
\MPnumerator=\count105
\makeMPintoPDFobject=\count106
\everyMPtoPDFconversion=\toks17
) (/usr/local/texlive/2014/texmf-dist/tex/latex/oberdiek/epstopdf-base.sty
Package: epstopdf-base 2010/02/09 v2.5 Base part for package epstopdf

(/usr/local/texlive/2014/texmf-dist/tex/latex/oberdiek/grfext.sty
Package: grfext 2010/08/19 v1.1 Manage graphics extensions (HO)
)
Package grfext Info: Graphics extension search list:
(grfext)             [.png,.pdf,.jpg,.mps,.jpeg,.jbig2,.jb2,.PNG,.PDF,.JPG,.JPE
G,.JBIG2,.JB2,.eps]
(grfext)             \AppendGraphicsExtensions on input line 452.

(/usr/local/texlive/2014/texmf-dist/tex/latex/latexconfig/epstopdf-sys.cfg
File: epstopdf-sys.cfg 2010/07/13 v1.3 Configuration of (r)epstopdf for TeX Liv
e
))
*geometry* driver: auto-detecting
*geometry* detected driver: pdftex
*geometry* verbose mode - [ preamble ] result:
* driver: pdftex
* paper: <default>
* layout: <same size as paper>
* layoutoffset:(h,v)=(0.0pt,0.0pt)
* modes: includehead includefoot 
* h-part:(L,W,R)=(72.26999pt, 469.75502pt, 72.26999pt)
* v-part:(T,H,B)=(72.26999pt, 686.565pt, 36.135pt)
* \paperwidth=614.295pt
* \paperheight=794.96999pt
* \textwidth=469.75502pt
* \textheight=619.565pt
* \oddsidemargin=0.0pt
* \evensidemargin=0.0pt
* \topmargin=0.0pt
* \headheight=12.0pt
* \headsep=25.0pt
* \topskip=11.0pt
* \footskip=30.0pt
* \marginparwidth=59.0pt
* \marginparsep=10.0pt
* \columnsep=10.0pt
* \skip\footins=10.0pt plus 4.0pt minus 2.0pt
* \hoffset=0.0pt
* \voffset=0.0pt
* \mag=1000
* \@twocolumnfalse
* \@twosidefalse
* \@mparswitchfalse
* \@reversemarginfalse
* (1in=72.27pt=25.4mm, 1cm=28.453pt)

\AtBeginShipoutBox=\box27
Package hyperref Info: Link coloring OFF on input line 63.
(/usr/local/texlive/2014/texmf-dist/tex/latex/hyperref/nameref.sty
Package: nameref 2012/10/27 v2.43 Cross-referencing by name of section

(/usr/local/texlive/2014/texmf-dist/tex/generic/oberdiek/gettitlestring.sty
Package: gettitlestring 2010/12/03 v1.4 Cleanup title references (HO)
)
\c@section@level=\count107
)
LaTeX Info: Redefining \ref on input line 63.
LaTeX Info: Redefining \pageref on input line 63.
LaTeX Info: Redefining \nameref on input line 63.

(./Chapter1.out) (./Chapter1.out)
\@outlinefile=\write3
\openout3 = `Chapter1.out'.

LaTeX Font Info:    External font `cmex10' loaded for size
(Font)              <12> on input line 66.
LaTeX Font Info:    External font `cmex10' loaded for size
(Font)              <8> on input line 66.
LaTeX Font Info:    External font `cmex10' loaded for size
(Font)              <6> on input line 66.
 (./Chapter1.toc
LaTeX Font Info:    External font `cmex10' loaded for size
(Font)              <10.95> on input line 4.
)
\tf@toc=\write4
\openout4 = `Chapter1.toc'.

Package color Info: Redefining color shadecolor on input line 75.
LaTeX Font Info:    Font shape `OT1/cmtt/bx/n' in size <10.95> not available
(Font)              Font shape `OT1/cmtt/m/n' tried instead on input line 77.
 [1

{/usr/local/texlive/2014/texmf-var/fonts/map/pdftex/updmap/pdftex.map}]
Package color Info: Redefining color shadecolor on input line 84.
Package color Info: Redefining color shadecolor on input line 97.
LaTeX Font Info:    Try loading font information for OMS+cmr on input line 105.


(/usr/local/texlive/2014/texmf-dist/tex/latex/base/omscmr.fd
File: omscmr.fd 1999/05/25 v2.5h Standard LaTeX font definitions
)
LaTeX Font Info:    Font shape `OMS/cmr/m/n' in size <10.95> not available
(Font)              Font shape `OMS/cmsy/m/n' tried instead on input line 105.
Package color Info: Redefining color shadecolor on input line 111.
Package color Info: Redefining color shadecolor on input line 121.
 [2]
Package color Info: Redefining color shadecolor on input line 144.
Package color Info: Redefining color shadecolor on input line 170.
 [3]
Package color Info: Redefining color shadecolor on input line 189.
Package color Info: Redefining color shadecolor on input line 217.
 [4]
Package color Info: Redefining color shadecolor on input line 234.
Package color Info: Redefining color shadecolor on input line 260.
Package color Info: Redefining color shadecolor on input line 282.

[5]
Package color Info: Redefining color shadecolor on input line 304.

Overfull \hbox (6.36546pt too wide) in paragraph at lines 322--323
[]\OT1/cmr/m/n/10.95 To ob-tain the stan-dard de-vi-a-tion, take the square roo
t of the vari-ance, i.e $[]$ 
 []

Package color Info: Redefining color shadecolor on input line 326.
[6]
Package color Info: Redefining color shadecolor on input line 372.
Package color Info: Redefining color shadecolor on input line 385.
Package color Info: Redefining color shadecolor on input line 399.
 [7]
Overfull \hbox (17.44165pt too wide) in paragraph at lines 443--444
[]$\OML/cmm/m/it/10.95 xlim$\OT1/cmr/m/n/10.95 : the range of val-ues you would
 like the x-axis to have; of the form $\OML/cmm/m/it/10.95 c\OT1/cmr/m/n/10.95 
(\OML/cmm/m/it/10.95 lowerbound; upperbound\OT1/cmr/m/n/10.95 )$ 
 []


Overfull \hbox (16.94487pt too wide) in paragraph at lines 444--445
[]$\OML/cmm/m/it/10.95 ylim$\OT1/cmr/m/n/10.95 : the range of val-ues you would
 like the y-axis to have; of the form $\OML/cmm/m/it/10.95 c\OT1/cmr/m/n/10.95 
(\OML/cmm/m/it/10.95 lowerbound; upperbound\OT1/cmr/m/n/10.95 )$ 
 []

[8]
Package color Info: Redefining color shadecolor on input line 449.
 <figure/unnamed-chunk-16-1.pdf, id=159, 397.485pt x 252.945pt>
File: figure/unnamed-chunk-16-1.pdf Graphic file (type pdf)

<use figure/unnamed-chunk-16-1.pdf>
Package pdftex.def Info: figure/unnamed-chunk-16-1.pdf used on input line 457.
(pdftex.def)             Requested size: 397.48402pt x 252.95209pt.

Overfull \hbox (20.48332pt too wide) in paragraph at lines 469--470
[]$\OML/cmm/m/it/10.95 xlim$\OT1/cmr/m/n/10.95 : the range of val-ues you would
 like the x-axis to have; of the form $\OML/cmm/m/it/10.95 c\OT1/cmr/m/n/10.95 
(\OML/cmm/m/it/10.95 lowerbound; upperbound\OT1/cmr/m/n/10.95 )$;
 []

[9 <./figure/unnamed-chunk-16-1.pdf>]
Overfull \hbox (19.98654pt too wide) in paragraph at lines 470--471
[]$\OML/cmm/m/it/10.95 ylim$\OT1/cmr/m/n/10.95 : the range of val-ues you would
 like the y-axis to have; of the form $\OML/cmm/m/it/10.95 c\OT1/cmr/m/n/10.95 
(\OML/cmm/m/it/10.95 lowerbound; upperbound\OT1/cmr/m/n/10.95 )$;
 []

Package color Info: Redefining color shadecolor on input line 475.

Overfull \hbox (1.63737pt too wide) in paragraph at lines 478--478
[][]\OT1/cmtt/m/n/10.95 boxplot[][]([][]x[] []= frog.altitude.data[][]$[][]clut
ch.volume,[] []ylab[] []=[] []^^MClutch Volume^^M[][],[] []axes[] []=[] []TRUE[
][],[][] 
 []

<figure/unnamed-chunk-17-1.pdf, id=170, 252.945pt x 289.08pt>
File: figure/unnamed-chunk-17-1.pdf Graphic file (type pdf)

<use figure/unnamed-chunk-17-1.pdf>
Package pdftex.def Info: figure/unnamed-chunk-17-1.pdf used on input line 482.
(pdftex.def)             Requested size: 252.94438pt x 289.0837pt.
 [10 <./figure/unnamed-chunk-17-1.pdf>]
Overfull \hbox (17.44165pt too wide) in paragraph at lines 498--499
[]$\OML/cmm/m/it/10.95 xlim$\OT1/cmr/m/n/10.95 : the range of val-ues you would
 like the x-axis to have; of the form $\OML/cmm/m/it/10.95 c\OT1/cmr/m/n/10.95 
(\OML/cmm/m/it/10.95 lowerbound; upperbound\OT1/cmr/m/n/10.95 )$ 
 []


Overfull \hbox (16.94487pt too wide) in paragraph at lines 499--500
[]$\OML/cmm/m/it/10.95 ylim$\OT1/cmr/m/n/10.95 : the range of val-ues you would
 like the y-axis to have; of the form $\OML/cmm/m/it/10.95 c\OT1/cmr/m/n/10.95 
(\OML/cmm/m/it/10.95 lowerbound; upperbound\OT1/cmr/m/n/10.95 )$ 
 []

Package color Info: Redefining color shadecolor on input line 506.
<figure/unnamed-chunk-18-1.pdf, id=180, 289.08pt x 289.08pt>
File: figure/unnamed-chunk-18-1.pdf Graphic file (type pdf)

<use figure/unnamed-chunk-18-1.pdf>
Package pdftex.def Info: figure/unnamed-chunk-18-1.pdf used on input line 512.
(pdftex.def)             Requested size: 289.07928pt x 289.09251pt.
 [11 <./figure/unnamed-chunk-18-1.pdf>]
<figure/unnamed-chunk-18-2.pdf, id=190, 289.08pt x 289.08pt>
File: figure/unnamed-chunk-18-2.pdf Graphic file (type pdf)

<use figure/unnamed-chunk-18-2.pdf>
Package pdftex.def Info: figure/unnamed-chunk-18-2.pdf used on input line 520.
(pdftex.def)             Requested size: 289.07928pt x 289.09251pt.
Package color Info: Redefining color shadecolor on input line 528.

<figure/unnamed-chunk-19-1.pdf, id=191, 252.945pt x 252.945pt>
File: figure/unnamed-chunk-19-1.pdf Graphic file (type pdf)

<use figure/unnamed-chunk-19-1.pdf>
Package pdftex.def Info: figure/unnamed-chunk-19-1.pdf used on input line 537.
(pdftex.def)             Requested size: 252.94438pt x 252.94823pt.
 [12 <./figure/unnamed-chunk-18-2.pdf>]
Package color Info: Redefining color shadecolor on input line 549.
Package color Info: Redefining color shadecolor on input line 563.

Overfull \hbox (3.53842pt too wide) in paragraph at lines 566--566
[][]\OT1/cmtt/m/n/10.95 par[][]([][]mfrow[] []=[] []c[][]([][]1[][],[] []2[][])
)[]  []\OT1/cmtt/m/it/10.95 ## this line just allows two plots to print at the 
same time[][] 
 []

<figure/unnamed-chunk-21-1.pdf, id=202, 505.89pt x 289.08pt>
File: figure/unnamed-chunk-21-1.pdf Graphic file (type pdf)

<use figure/unnamed-chunk-21-1.pdf>
Package pdftex.def Info: figure/unnamed-chunk-21-1.pdf used on input line 574.
(pdftex.def)             Requested size: 469.75502pt x 268.43579pt.

Overfull \hbox (17.0pt too wide) in paragraph at lines 574--575
[][] 
 []

[13 <./figure/unnamed-chunk-19-1.pdf>]
Package color Info: Redefining color shadecolor on input line 580.

<figure/unnamed-chunk-22-1.pdf, id=213, 505.89pt x 289.08pt>
File: figure/unnamed-chunk-22-1.pdf Graphic file (type pdf)

<use figure/unnamed-chunk-22-1.pdf>
Package pdftex.def Info: figure/unnamed-chunk-22-1.pdf used on input line 596.
(pdftex.def)             Requested size: 469.75502pt x 268.43579pt.

Overfull \hbox (17.0pt too wide) in paragraph at lines 596--597
[][] 
 []

[14 <./figure/unnamed-chunk-21-1.pdf>]
Package color Info: Redefining color shadecolor on input line 604.
Package color Info: Redefining color shadecolor on input line 618.
 [15 <./figure/unnamed-chunk-22-1.pdf>]
Package color Info: Redefining color shadecolor on input line 638.
Package color Info: Redefining color shadecolor on input line 657.
Package color Info: Redefining color shadecolor on input line 678.

[16] <figure/unnamed-chunk-27-1.pdf, id=238, 505.89pt x 289.08pt>
File: figure/unnamed-chunk-27-1.pdf Graphic file (type pdf)

<use figure/unnamed-chunk-27-1.pdf>
Package pdftex.def Info: figure/unnamed-chunk-27-1.pdf used on input line 686.
(pdftex.def)             Requested size: 469.75502pt x 268.43579pt.

Overfull \hbox (17.0pt too wide) in paragraph at lines 686--687
[][] 
 []

Package color Info: Redefining color shadecolor on input line 696.
[17 <./figure/unnamed-chunk-27-1.pdf>]
<figure/unnamed-chunk-28-1.pdf, id=248, 505.89pt x 361.35pt>
File: figure/unnamed-chunk-28-1.pdf Graphic file (type pdf)

<use figure/unnamed-chunk-28-1.pdf>
Package pdftex.def Info: figure/unnamed-chunk-28-1.pdf used on input line 716.
(pdftex.def)             Requested size: 469.75502pt x 335.54477pt.

Overfull \hbox (17.0pt too wide) in paragraph at lines 716--717
[][] 
 []

Package color Info: Redefining color shadecolor on input line 722.
[18 <./figure/unnamed-chunk-28-1.pdf>]
<figure/unnamed-chunk-29-1.pdf, id=258, 505.89pt x 361.35pt>
File: figure/unnamed-chunk-29-1.pdf Graphic file (type pdf)

<use figure/unnamed-chunk-29-1.pdf>
Package pdftex.def Info: figure/unnamed-chunk-29-1.pdf used on input line 742.
(pdftex.def)             Requested size: 469.75502pt x 335.54477pt.

Overfull \hbox (17.0pt too wide) in paragraph at lines 742--743
[][] 
 []

Package color Info: Redefining color shadecolor on input line 749.
[19 <./figure/unnamed-chunk-29-1.pdf>]
<figure/unnamed-chunk-30-1.pdf, id=269, 505.89pt x 289.08pt>
File: figure/unnamed-chunk-30-1.pdf Graphic file (type pdf)

<use figure/unnamed-chunk-30-1.pdf>
Package pdftex.def Info: figure/unnamed-chunk-30-1.pdf used on input line 775.
(pdftex.def)             Requested size: 469.75502pt x 268.43579pt.

Overfull \hbox (17.0pt too wide) in paragraph at lines 775--776
[][] 
 []

Package color Info: Redefining color shadecolor on input line 782.
[20 <./figure/unnamed-chunk-30-1.pdf>]
<figure/unnamed-chunk-31-1.pdf, id=279, 505.89pt x 289.08pt>
File: figure/unnamed-chunk-31-1.pdf Graphic file (type pdf)

<use figure/unnamed-chunk-31-1.pdf>
Package pdftex.def Info: figure/unnamed-chunk-31-1.pdf used on input line 790.
(pdftex.def)             Requested size: 469.75502pt x 268.43579pt.

Overfull \hbox (17.0pt too wide) in paragraph at lines 790--791
[][] 
 []

Package color Info: Redefining color shadecolor on input line 796.
<figure/unnamed-chunk-32-1.pdf, id=280, 505.89pt x 289.08pt>
File: figure/unnamed-chunk-32-1.pdf Graphic file (type pdf)

<use figure/unnamed-chunk-32-1.pdf>
Package pdftex.def Info: figure/unnamed-chunk-32-1.pdf used on input line 803.
(pdftex.def)             Requested size: 469.75502pt x 268.43579pt.

Overfull \hbox (17.0pt too wide) in paragraph at lines 803--804
[][] 
 []

[21 <./figure/unnamed-chunk-31-1.pdf>]
Package color Info: Redefining color shadecolor on input line 811.

<figure/unnamed-chunk-33-1.pdf, id=291, 505.89pt x 289.08pt>
File: figure/unnamed-chunk-33-1.pdf Graphic file (type pdf)

<use figure/unnamed-chunk-33-1.pdf>
Package pdftex.def Info: figure/unnamed-chunk-33-1.pdf used on input line 823.
(pdftex.def)             Requested size: 469.75502pt x 268.43579pt.

Overfull \hbox (17.0pt too wide) in paragraph at lines 823--824
[][] 
 []

[22 <./figure/unnamed-chunk-32-1.pdf>]
Package color Info: Redefining color shadecolor on input line 829.
Package color Info: Redefining color shadecolor on input line 851.

<figure/unnamed-chunk-35-1.pdf, id=301, 289.08pt x 289.08pt>
File: figure/unnamed-chunk-35-1.pdf Graphic file (type pdf)

<use figure/unnamed-chunk-35-1.pdf>
Package pdftex.def Info: figure/unnamed-chunk-35-1.pdf used on input line 857.
(pdftex.def)             Requested size: 289.07928pt x 289.09251pt.
Package atveryend Info: Empty hook `BeforeClearDocument' on input line 862.
 [23 <./figure/unnamed-chunk-33-1.pdf>]
[24 <./figure/unnamed-chunk-35-1.pdf>]
Package atveryend Info: Empty hook `AfterLastShipout' on input line 862.
 (./Chapter1.aux)
Package atveryend Info: Executing hook `AtVeryEndDocument' on input line 862.
Package atveryend Info: Executing hook `AtEndAfterFileList' on input line 862.
Package rerunfilecheck Info: File `Chapter1.out' has not changed.
(rerunfilecheck)             Checksum: D5E6973063A71DD4D546AE9CB40465E5;1363.
Package atveryend Info: Empty hook `AtVeryVeryEnd' on input line 862.
 ) 
Here is how much of TeX's memory you used:
 5938 strings out of 493117
 89266 string characters out of 6135433
 183206 words of memory out of 5000000
 9281 multiletter control sequences out of 15000+600000
 9493 words of font info for 34 fonts, out of 8000000 for 9000
 1141 hyphenation exceptions out of 8191
 29i,12n,43p,661b,392s stack positions out of 5000i,500n,10000p,200000b,80000s
</usr/local/texlive/2014/texmf-dist/fonts/type1/public/amsfonts/cm/cmbx10.pfb
></usr/local/texlive/2014/texmf-dist/fonts/type1/public/amsfonts/cm/cmbx12.pfb>
</usr/local/texlive/2014/texmf-dist/fonts/type1/public/amsfonts/cm/cmex10.pfb><
/usr/local/texlive/2014/texmf-dist/fonts/type1/public/amsfonts/cm/cmitt10.pfb><
/usr/local/texlive/2014/texmf-dist/fonts/type1/public/amsfonts/cm/cmmi10.pfb></
usr/local/texlive/2014/texmf-dist/fonts/type1/public/amsfonts/cm/cmmi8.pfb></us
r/local/texlive/2014/texmf-dist/fonts/type1/public/amsfonts/cm/cmr10.pfb></usr/
local/texlive/2014/texmf-dist/fonts/type1/public/amsfonts/cm/cmr12.pfb></usr/lo
cal/texlive/2014/texmf-dist/fonts/type1/public/amsfonts/cm/cmr17.pfb></usr/loca
l/texlive/2014/texmf-dist/fonts/type1/public/amsfonts/cm/cmr8.pfb></usr/local/t
exlive/2014/texmf-dist/fonts/type1/public/amsfonts/cm/cmsy10.pfb></usr/local/te
xlive/2014/texmf-dist/fonts/type1/public/amsfonts/cm/cmsy8.pfb></usr/local/texl
ive/2014/texmf-dist/fonts/type1/public/amsfonts/cm/cmti10.pfb></usr/local/texli
ve/2014/texmf-dist/fonts/type1/public/amsfonts/cm/cmtt10.pfb>
Output written on Chapter1.pdf (24 pages, 327582 bytes).
PDF statistics:
 381 PDF objects out of 1000 (max. 8388607)
 307 compressed objects within 4 object streams
 51 named destinations out of 1000 (max. 500000)
 236 words of extra memory for PDF output out of 10000 (max. 10000000)

